Using pre-set license
Built from '2020.3/china_unity/release' branch; Version is '2020.3.31f1c1 (f95fbe3d210a) revision 16342974'; Using compiler version '192528614'; Build Type 'Release'
OS: 'Windows 11  (10.0.22000) 64bit CoreCountrySpecific' Language: 'zh' Physical Memory: 16122 MB
BatchMode: 1, IsHumanControllingUs: 0, StartBugReporterOnCrash: 0, Is64bit: 1, IsPro: 0

COMMAND LINE ARGUMENTS:
D:\unity\2020.3.31f1c1\Editor\Unity.exe
-adb2
-batchMode
-noUpm
-name
AssetImportWorker0
-projectPath
D:/12.9作业商城购买添加背包数量
-logFile
Logs/AssetImportWorker0.log
-srvPort
54080
Successfully changed project path to: D:/12.9作业商城购买添加背包数量
D:/12.9作业商城购买添加背包数量
Using Asset Import Pipeline V2.
AS: AutoStreaming module initializing.Refreshing native plugins compatible for Editor in 27.24 ms, found 2 plugins.
Preloading 0 native plugins for Editor in 0.00 ms.
Initialize engine version: 2020.3.31f1c1 (f95fbe3d210a)
[Subsystems] Discovering subsystems at path D:/unity/2020.3.31f1c1/Editor/Data/Resources/UnitySubsystems
[Subsystems] Discovering subsystems at path D:/12.9作业商城购买添加背包数量/Assets
GfxDevice: creating device client; threaded=0
Direct3D:
    Version:  Direct3D 11.0 [level 11.1]
    Renderer: NVIDIA GeForce RTX 3060 Laptop GPU (ID=0x2520)
    Vendor:   
    VRAM:     6023 MB
    Driver:   30.0.15.1278
Initialize mono
Mono path[0] = 'D:/unity/2020.3.31f1c1/Editor/Data/Managed'
Mono path[1] = 'D:/unity/2020.3.31f1c1/Editor/Data/MonoBleedingEdge/lib/mono/unityjit'
Mono config path = 'D:/unity/2020.3.31f1c1/Editor/Data/MonoBleedingEdge/etc'
Using monoOptions --debugger-agent=transport=dt_socket,embedding=1,server=y,suspend=n,address=127.0.0.1:56312
Begin MonoManager ReloadAssembly
Registering precompiled unity dll's ...
Register platform support module: D:/unity/2020.3.31f1c1/Editor/Data/PlaybackEngines/WindowsStandaloneSupport/UnityEditor.WindowsStandalone.Extensions.dll
Registered in 0.000638 seconds.
Native extension for WindowsStandalone target not found
Refreshing native plugins compatible for Editor in 27.21 ms, found 2 plugins.
Preloading 0 native plugins for Editor in 0.00 ms.
Mono: successfully reloaded assembly
- Completed reload, in  0.441 seconds
Domain Reload Profiling:
	ReloadAssembly (441ms)
		BeginReloadAssembly (43ms)
			ExecutionOrderSort (0ms)
			DisableScriptedObjects (0ms)
			BackupInstance (0ms)
			ReleaseScriptingObjects (0ms)
			CreateAndSetChildDomain (1ms)
		EndReloadAssembly (346ms)
			LoadAssemblies (42ms)
			RebuildTransferFunctionScriptingTraits (0ms)
			SetupTypeCache (111ms)
			ReleaseScriptCaches (0ms)
			RebuildScriptCaches (25ms)
			SetupLoadedEditorAssemblies (131ms)
				LogAssemblyErrors (0ms)
				InitializePlatformSupportModulesInManaged (3ms)
				SetLoadedEditorAssemblies (0ms)
				RefreshPlugins (27ms)
				BeforeProcessingInitializeOnLoad (14ms)
				ProcessInitializeOnLoadAttributes (63ms)
				ProcessInitializeOnLoadMethodAttributes (23ms)
				AfterProcessingInitializeOnLoad (0ms)
				EditorAssembliesLoaded (0ms)
			ExecutionOrderSort2 (0ms)
			AwakeInstancesAfterBackupRestoration (0ms)
Platform modules already initialized, skipping
Registering precompiled user dll's ...
Registered in 0.001928 seconds.
Begin MonoManager ReloadAssembly
Native extension for WindowsStandalone target not found
Refreshing native plugins compatible for Editor in 0.36 ms, found 2 plugins.
Preloading 0 native plugins for Editor in 0.00 ms.
Mono: successfully reloaded assembly
- Completed reload, in  0.751 seconds
Domain Reload Profiling:
	ReloadAssembly (751ms)
		BeginReloadAssembly (108ms)
			ExecutionOrderSort (0ms)
			DisableScriptedObjects (4ms)
			BackupInstance (0ms)
			ReleaseScriptingObjects (0ms)
			CreateAndSetChildDomain (16ms)
		EndReloadAssembly (600ms)
			LoadAssemblies (65ms)
			RebuildTransferFunctionScriptingTraits (0ms)
			SetupTypeCache (202ms)
			ReleaseScriptCaches (0ms)
			RebuildScriptCaches (38ms)
			SetupLoadedEditorAssemblies (232ms)
				LogAssemblyErrors (0ms)
				InitializePlatformSupportModulesInManaged (4ms)
				SetLoadedEditorAssemblies (0ms)
				RefreshPlugins (0ms)
				BeforeProcessingInitializeOnLoad (59ms)
				ProcessInitializeOnLoadAttributes (160ms)
				ProcessInitializeOnLoadMethodAttributes (8ms)
				AfterProcessingInitializeOnLoad (1ms)
				EditorAssembliesLoaded (0ms)
			ExecutionOrderSort2 (0ms)
			AwakeInstancesAfterBackupRestoration (5ms)
Platform modules already initialized, skipping
========================================================================
Worker process is ready to serve import requests
Launched and connected shader compiler UnityShaderCompiler.exe after 0.03 seconds
Refreshing native plugins compatible for Editor in 0.34 ms, found 2 plugins.
Preloading 0 native plugins for Editor in 0.00 ms.
Unloading 1548 Unused Serialized files (Serialized files now loaded: 0)
System memory in use before: 73.8 MB.
System memory in use after: 73.9 MB.

Unloading 19 unused Assets to reduce memory usage. Loaded Objects now: 1989.
Total: 2.097800 ms (FindLiveObjects: 0.107900 ms CreateObjectMapping: 0.028900 ms MarkObjects: 1.904500 ms  DeleteObjects: 0.055600 ms)

AssetImportParameters requested are different than current active one (requested -> active):
  custom:framework-win-MediaFoundation: 216162199b28c13a410421893ffa2e32 -> 
  custom:video-decoder-ogg-theora: a1e56fd34408186e4bbccfd4996cb3dc -> 
  custom:container-muxer-webm: aa71ff27fc2769a1b78a27578f13a17b -> 
  custom:container-demuxer-webm: 4f35f7cbe854078d1ac9338744f61a02 -> 
  custom:container-demuxer-ogg: 62fdf1f143b41e24485cea50d1cbac27 -> 
  custom:video-encoder-webm-vp8: eb34c28f22e8b96e1ab97ce403110664 -> 
  custom:video-codec-MediaFoundation-h265: 746d11721c4dcdbdad8f713fa42b33f4 -> 
  custom:video-decoder-webm-vp8: 9c59270c3fd7afecdb556c50c9e8de78 -> 
  custom:audio-decoder-ogg-vorbis: bf7c407c2cedff20999df2af8eb42d56 -> 
  custom:audio-encoder-webm-vorbis: bf7c407c2cedff20999df2af8eb42d56 -> 
========================================================================
Received Import Request.
  path: Assets/FontSetter/Editor/FontEditor.cs
  artifactKey: Guid(1d54a553b419c194088a06597046aec1) Importer(815301076,1909f56bfc062723c751e8b465ee728b)
Start importing Assets/FontSetter/Editor/FontEditor.cs using Guid(1d54a553b419c194088a06597046aec1) Importer(815301076,1909f56bfc062723c751e8b465ee728b)  -> (artifact id: '8d2af8b10b4d2dcc219be346afe85c0a') in 0.019240 seconds 
========================================================================
Received Import Request.
  Time since last request: 4.213413 seconds.
  path: Assets/Resources/dragtemp.prefab
  artifactKey: Guid(6ae3f9d43efda1346bee8a6aadba5c7e) Importer(815301076,1909f56bfc062723c751e8b465ee728b)
Start importing Assets/Resources/dragtemp.prefab using Guid(6ae3f9d43efda1346bee8a6aadba5c7e) Importer(815301076,1909f56bfc062723c751e8b465ee728b)  -> (artifact id: 'e5f8367dd92437559a7931317cd90393') in 0.026334 seconds 
========================================================================
Received Import Request.
  Time since last request: 0.000235 seconds.
  path: Assets/Resources/fps.prefab
  artifactKey: Guid(68024968a4e85554cb306d290534f281) Importer(815301076,1909f56bfc062723c751e8b465ee728b)
Start importing Assets/Resources/fps.prefab using Guid(68024968a4e85554cb306d290534f281) Importer(815301076,1909f56bfc062723c751e8b465ee728b)  -> (artifact id: '112aa69ecef979d7cb3dcaafead77cab') in 0.004628 seconds 
========================================================================
Received Import Request.
  Time since last request: 4.668007 seconds.
  path: Assets/Resources/Role/1.prefab
  artifactKey: Guid(7f38fb99ff917264e807991717a40bc9) Importer(815301076,1909f56bfc062723c751e8b465ee728b)
Start importing Assets/Resources/Role/1.prefab using Guid(7f38fb99ff917264e807991717a40bc9) Importer(815301076,1909f56bfc062723c751e8b465ee728b)  -> (artifact id: 'fe8936611954e4109ad086490a7b8df4') in 0.094670 seconds 
========================================================================
Received Import Request.
  Time since last request: 0.000262 seconds.
  path: Assets/Resources/Role/5.prefab
  artifactKey: Guid(c2c259a079aff6849b21b00da563f099) Importer(815301076,1909f56bfc062723c751e8b465ee728b)
Start importing Assets/Resources/Role/5.prefab using Guid(c2c259a079aff6849b21b00da563f099) Importer(815301076,1909f56bfc062723c751e8b465ee728b)  -> (artifact id: '2752d5f4f123522e53801905fc2da787') in 0.042324 seconds 
========================================================================
Received Import Request.
  Time since last request: 0.000130 seconds.
  path: Assets/Resources/Role/6.prefab
  artifactKey: Guid(152cf443177b141479c306399423b5eb) Importer(815301076,1909f56bfc062723c751e8b465ee728b)
Start importing Assets/Resources/Role/6.prefab using Guid(152cf443177b141479c306399423b5eb) Importer(815301076,1909f56bfc062723c751e8b465ee728b)  -> (artifact id: '3e84e017ab2f29bd7ac28cf7e44d8346') in 0.019188 seconds 
========================================================================
Received Import Request.
  Time since last request: 0.000223 seconds.
  path: Assets/Resources/Role/4.prefab
  artifactKey: Guid(1e3382e0aaeb2484c86068b66fa1fed8) Importer(815301076,1909f56bfc062723c751e8b465ee728b)
Start importing Assets/Resources/Role/4.prefab using Guid(1e3382e0aaeb2484c86068b66fa1fed8) Importer(815301076,1909f56bfc062723c751e8b465ee728b)  -> (artifact id: '4d381eedb5f48891f39db3d66c309823') in 0.020528 seconds 
========================================================================
Received Import Request.
  Time since last request: 0.000175 seconds.
  path: Assets/Resources/Role/3.prefab
  artifactKey: Guid(47c8f374a344aa54dbbb610322343afe) Importer(815301076,1909f56bfc062723c751e8b465ee728b)
Start importing Assets/Resources/Role/3.prefab using Guid(47c8f374a344aa54dbbb610322343afe) Importer(815301076,1909f56bfc062723c751e8b465ee728b)  -> (artifact id: 'fad97f212e97ea46c0258b90dafa7023') in 0.044660 seconds 
========================================================================
Received Import Request.
  Time since last request: 0.000188 seconds.
  path: Assets/Resources/Role/7.prefab
  artifactKey: Guid(e99c808e86e34b145b3f833f0b3c5bc7) Importer(815301076,1909f56bfc062723c751e8b465ee728b)
Start importing Assets/Resources/Role/7.prefab using Guid(e99c808e86e34b145b3f833f0b3c5bc7) Importer(815301076,1909f56bfc062723c751e8b465ee728b)  -> (artifact id: '034652a6304a4a7adbb08f551df55836') in 0.042477 seconds 
========================================================================
Received Import Request.
  Time since last request: 0.000173 seconds.
  path: Assets/Resources/Role/2.prefab
  artifactKey: Guid(289c7275baa9c8648a7138668f766bb2) Importer(815301076,1909f56bfc062723c751e8b465ee728b)
Start importing Assets/Resources/Role/2.prefab using Guid(289c7275baa9c8648a7138668f766bb2) Importer(815301076,1909f56bfc062723c751e8b465ee728b)  -> (artifact id: 'a2cec901f176d524654d63984abd9c46') in 0.020167 seconds 
========================================================================
Received Import Request.
  Time since last request: 5.976013 seconds.
  path: Assets/Resources/UIitem/bagicon.prefab
  artifactKey: Guid(dfdb92e4e9ed849459c31af16def7b58) Importer(815301076,1909f56bfc062723c751e8b465ee728b)
Start importing Assets/Resources/UIitem/bagicon.prefab using Guid(dfdb92e4e9ed849459c31af16def7b58) Importer(815301076,1909f56bfc062723c751e8b465ee728b)  -> (artifact id: '26e57db08c43ddfc7b7a221be9853f8e') in 0.004238 seconds 
========================================================================
Received Import Request.
  Time since last request: 0.000151 seconds.
  path: Assets/Resources/UIitem/PMItem.prefab
  artifactKey: Guid(ba50cb17b825f334d889e042ea5bba37) Importer(815301076,1909f56bfc062723c751e8b465ee728b)
Start importing Assets/Resources/UIitem/PMItem.prefab using Guid(ba50cb17b825f334d889e042ea5bba37) Importer(815301076,1909f56bfc062723c751e8b465ee728b)  -> (artifact id: '1d3323481d62b0ade262dba5ad416ce0') in 0.011895 seconds 
========================================================================
Received Import Request.
  Time since last request: 0.000157 seconds.
  path: Assets/Resources/UIitem/bagitem.prefab
  artifactKey: Guid(9945cacd5cc4a1444adb2728949e0ef9) Importer(815301076,1909f56bfc062723c751e8b465ee728b)
Start importing Assets/Resources/UIitem/bagitem.prefab using Guid(9945cacd5cc4a1444adb2728949e0ef9) Importer(815301076,1909f56bfc062723c751e8b465ee728b)  -> (artifact id: '57287397b67d6df8fa2d78efd3018388') in 0.005292 seconds 
========================================================================
Received Import Request.
  Time since last request: 0.000206 seconds.
  path: Assets/Resources/UIitem/shopitem.prefab
  artifactKey: Guid(fb0095d0a983036438f560d06e07d8d2) Importer(815301076,1909f56bfc062723c751e8b465ee728b)
Start importing Assets/Resources/UIitem/shopitem.prefab using Guid(fb0095d0a983036438f560d06e07d8d2) Importer(815301076,1909f56bfc062723c751e8b465ee728b)  -> (artifact id: 'ebe3ce35fbff2a215d9f118652aba18e') in 0.007252 seconds 
========================================================================
Received Import Request.
  Time since last request: 0.000229 seconds.
  path: Assets/Resources/UIitem/mypmitem.prefab
  artifactKey: Guid(c0c6b638147da434689676b185dd08db) Importer(815301076,1909f56bfc062723c751e8b465ee728b)
Start importing Assets/Resources/UIitem/mypmitem.prefab using Guid(c0c6b638147da434689676b185dd08db) Importer(815301076,1909f56bfc062723c751e8b465ee728b)  -> (artifact id: '8a8b8e1a6ee1a131b463aecdbb8b1b1e') in 0.005054 seconds 
========================================================================
Received Import Request.
  Time since last request: 1.129020 seconds.
  path: Assets/Resources/UIPanel/BagPanel.prefab
  artifactKey: Guid(40c36a37c618bbb419536660bd8fda78) Importer(815301076,1909f56bfc062723c751e8b465ee728b)
Start importing Assets/Resources/UIPanel/BagPanel.prefab using Guid(40c36a37c618bbb419536660bd8fda78) Importer(815301076,1909f56bfc062723c751e8b465ee728b)  -> (artifact id: 'eb1db477ba75a6dc447657f167c6c408') in 0.022149 seconds 
========================================================================
Received Import Request.
  Time since last request: 0.000154 seconds.
  path: Assets/Resources/UIPanel/MainPanel.prefab
  artifactKey: Guid(62fa7dfbc7a0959409e8b50d790dca34) Importer(815301076,1909f56bfc062723c751e8b465ee728b)
Start importing Assets/Resources/UIPanel/MainPanel.prefab using Guid(62fa7dfbc7a0959409e8b50d790dca34) Importer(815301076,1909f56bfc062723c751e8b465ee728b)  -> (artifact id: 'e9c9c4a1b5166793734df822971cd70a') in 0.006712 seconds 
========================================================================
Received Import Request.
  Time since last request: 0.000132 seconds.
  path: Assets/Resources/UIPanel/ShopPanel.prefab
  artifactKey: Guid(53d4906217c97ca4d8a5826db1d22872) Importer(815301076,1909f56bfc062723c751e8b465ee728b)
Start importing Assets/Resources/UIPanel/ShopPanel.prefab using Guid(53d4906217c97ca4d8a5826db1d22872) Importer(815301076,1909f56bfc062723c751e8b465ee728b)  -> (artifact id: '2db1907e1ebcde8b2cfb01e7db4233ad') in 0.005812 seconds 
========================================================================
Received Import Request.
  Time since last request: 0.000182 seconds.
  path: Assets/Resources/UIPanel/PMHPanel.prefab
  artifactKey: Guid(c5d00b9c49ac5eb40b49bdf68b26f1fe) Importer(815301076,1909f56bfc062723c751e8b465ee728b)
Start importing Assets/Resources/UIPanel/PMHPanel.prefab using Guid(c5d00b9c49ac5eb40b49bdf68b26f1fe) Importer(815301076,1909f56bfc062723c751e8b465ee728b)  -> (artifact id: 'f45155e4aacd884fc475ba1daadf965e') in 0.005489 seconds 
========================================================================
Received Import Request.
  Time since last request: 0.000239 seconds.
  path: Assets/Resources/UIPanel/TipsPanel.prefab
  artifactKey: Guid(b0072e288126f9e408288d89a998f242) Importer(815301076,1909f56bfc062723c751e8b465ee728b)
Start importing Assets/Resources/UIPanel/TipsPanel.prefab using Guid(b0072e288126f9e408288d89a998f242) Importer(815301076,1909f56bfc062723c751e8b465ee728b)  -> (artifact id: 'dc8c7c9436e3efc2113dd285799384fd') in 0.005960 seconds 
========================================================================
Received Import Request.
  Time since last request: 0.000137 seconds.
  path: Assets/Resources/UIPanel/PMPanel.prefab
  artifactKey: Guid(1ef28eada6e6f554e8b90d22dc5d82d2) Importer(815301076,1909f56bfc062723c751e8b465ee728b)
Start importing Assets/Resources/UIPanel/PMPanel.prefab using Guid(1ef28eada6e6f554e8b90d22dc5d82d2) Importer(815301076,1909f56bfc062723c751e8b465ee728b)  -> (artifact id: '6c4bae35fd7ee7e9510bdd7ee03871a0') in 0.016653 seconds 
========================================================================
Received Import Request.
  Time since last request: 0.000156 seconds.
  path: Assets/Resources/UIPanel/MyPmPanel.prefab
  artifactKey: Guid(74544cde0384eb5478bbd47beef7b6fc) Importer(815301076,1909f56bfc062723c751e8b465ee728b)
Start importing Assets/Resources/UIPanel/MyPmPanel.prefab using Guid(74544cde0384eb5478bbd47beef7b6fc) Importer(815301076,1909f56bfc062723c751e8b465ee728b)  -> (artifact id: '2825a8338a9018211c8fe9a30a94fa0d') in 0.005034 seconds 
========================================================================
Received Import Request.
  Time since last request: 18.885065 seconds.
  path: Assets/Scripts/装备/HeroModel.cs
  artifactKey: Guid(8123328d4fb179d439937a30befc6aec) Importer(815301076,1909f56bfc062723c751e8b465ee728b)
Start importing Assets/Scripts/装备/HeroModel.cs using Guid(8123328d4fb179d439937a30befc6aec) Importer(815301076,1909f56bfc062723c751e8b465ee728b)  -> (artifact id: '6623b7772bc7c59b3bf5fcbf45625d8f') in 0.002935 seconds 
========================================================================
Received Import Request.
  Time since last request: 0.377820 seconds.
  path: Assets/Scripts/装备/BagDrag.cs
  artifactKey: Guid(1dcedf809275a1d4887027fb6569febb) Importer(815301076,1909f56bfc062723c751e8b465ee728b)
Start importing Assets/Scripts/装备/BagDrag.cs using Guid(1dcedf809275a1d4887027fb6569febb) Importer(815301076,1909f56bfc062723c751e8b465ee728b)  -> (artifact id: '8428b5283a2921d5101d41a800b52538') in 0.002651 seconds 
========================================================================
Received Import Request.
  Time since last request: 0.580186 seconds.
  path: Assets/Scripts/装备/HeroPanel.cs
  artifactKey: Guid(98e9762346e5a704481b110935b253a4) Importer(815301076,1909f56bfc062723c751e8b465ee728b)
Start importing Assets/Scripts/装备/HeroPanel.cs using Guid(98e9762346e5a704481b110935b253a4) Importer(815301076,1909f56bfc062723c751e8b465ee728b)  -> (artifact id: '49a346139077041521a8ac7a2ba74ec2') in 0.002436 seconds 
========================================================================
Received Import Request.
  Time since last request: 0.442167 seconds.
  path: Assets/Scripts/装备/TipsPanel.cs
  artifactKey: Guid(035960dae8dfbeb428441230ebaae0e9) Importer(815301076,1909f56bfc062723c751e8b465ee728b)
Start importing Assets/Scripts/装备/TipsPanel.cs using Guid(035960dae8dfbeb428441230ebaae0e9) Importer(815301076,1909f56bfc062723c751e8b465ee728b)  -> (artifact id: 'c37f667a177507d7f41397f8cf9be2b4') in 0.002337 seconds 
========================================================================
Received Import Request.
  Time since last request: 0.538961 seconds.
  path: Assets/Scripts/装备/XZB.cs
  artifactKey: Guid(611aed3410a967c4eb2fe1d7e8447349) Importer(815301076,1909f56bfc062723c751e8b465ee728b)
Start importing Assets/Scripts/装备/XZB.cs using Guid(611aed3410a967c4eb2fe1d7e8447349) Importer(815301076,1909f56bfc062723c751e8b465ee728b)  -> (artifact id: 'cc46bb389d2f4f46ea54939b749fba57') in 0.002475 seconds 
========================================================================
Received Import Request.
  Time since last request: 1.547133 seconds.
  path: Assets/Scripts/拍卖行/PMHPanel.cs
  artifactKey: Guid(221b1a7399678754690163e6dcb1c744) Importer(815301076,1909f56bfc062723c751e8b465ee728b)
Start importing Assets/Scripts/拍卖行/PMHPanel.cs using Guid(221b1a7399678754690163e6dcb1c744) Importer(815301076,1909f56bfc062723c751e8b465ee728b)  -> (artifact id: 'f8bdc3c506350cad57626b041e3435f4') in 0.002432 seconds 
========================================================================
Received Import Request.
  Time since last request: 0.739576 seconds.
  path: Assets/Scripts/拍卖行/PmModel1.cs
  artifactKey: Guid(5ae406146fea86b4b974bea80b35b6cd) Importer(815301076,1909f56bfc062723c751e8b465ee728b)
Start importing Assets/Scripts/拍卖行/PmModel1.cs using Guid(5ae406146fea86b4b974bea80b35b6cd) Importer(815301076,1909f56bfc062723c751e8b465ee728b)  -> (artifact id: 'f30279119ed6037c733854645a0e0b7e') in 0.002494 seconds 
========================================================================
Received Import Request.
  Time since last request: 0.394817 seconds.
  path: Assets/Scripts/拍卖行/PMPanel.cs
  artifactKey: Guid(edab73dac8fda174b8dbec538edac544) Importer(815301076,1909f56bfc062723c751e8b465ee728b)
Start importing Assets/Scripts/拍卖行/PMPanel.cs using Guid(edab73dac8fda174b8dbec538edac544) Importer(815301076,1909f56bfc062723c751e8b465ee728b)  -> (artifact id: 'e0b135cf87d053f973babc78f5602cd9') in 0.002087 seconds 
========================================================================
Received Prepare
Refreshing native plugins compatible for Editor in 2.00 ms, found 2 plugins.
Preloading 0 native plugins for Editor in 0.00 ms.
Unloading 12 Unused Serialized files (Serialized files now loaded: 0)
System memory in use before: 62.9 MB.
System memory in use after: 63.0 MB.

Unloading 17 unused Assets to reduce memory usage. Loaded Objects now: 1999.
Total: 2.422900 ms (FindLiveObjects: 0.115400 ms CreateObjectMapping: 0.028700 ms MarkObjects: 2.236800 ms  DeleteObjects: 0.041300 ms)

AssetImportParameters requested are different than current active one (requested -> active):
  custom:framework-win-MediaFoundation: 216162199b28c13a410421893ffa2e32 -> 
  custom:video-decoder-ogg-theora: a1e56fd34408186e4bbccfd4996cb3dc -> 
  custom:container-muxer-webm: aa71ff27fc2769a1b78a27578f13a17b -> 
  custom:container-demuxer-webm: 4f35f7cbe854078d1ac9338744f61a02 -> 
  custom:container-demuxer-ogg: 62fdf1f143b41e24485cea50d1cbac27 -> 
  custom:video-encoder-webm-vp8: eb34c28f22e8b96e1ab97ce403110664 -> 
  custom:video-codec-MediaFoundation-h265: 746d11721c4dcdbdad8f713fa42b33f4 -> 
  custom:video-decoder-webm-vp8: 9c59270c3fd7afecdb556c50c9e8de78 -> 
  custom:audio-decoder-ogg-vorbis: bf7c407c2cedff20999df2af8eb42d56 -> 
  custom:audio-encoder-webm-vorbis: bf7c407c2cedff20999df2af8eb42d56 -> 
========================================================================
Received Import Request.
  Time since last request: 333.531369 seconds.
  path: Assets/Scripts/Singleton.cs
  artifactKey: Guid(da1783f150d8d654daf6fb487ca691a4) Importer(815301076,1909f56bfc062723c751e8b465ee728b)
Start importing Assets/Scripts/Singleton.cs using Guid(da1783f150d8d654daf6fb487ca691a4) Importer(815301076,1909f56bfc062723c751e8b465ee728b)  -> (artifact id: '8680dcb54f3f21b500b8bd4fa208c9e3') in 0.002571 seconds 
========================================================================
Received Import Request.
  Time since last request: 0.379512 seconds.
  path: Assets/Scripts/UIbase.cs
  artifactKey: Guid(95c5fafedec7c174eb3ebe265db3b188) Importer(815301076,1909f56bfc062723c751e8b465ee728b)
Start importing Assets/Scripts/UIbase.cs using Guid(95c5fafedec7c174eb3ebe265db3b188) Importer(815301076,1909f56bfc062723c751e8b465ee728b)  -> (artifact id: 'ce42054f0717ab9225f3f1b5a0504ba0') in 0.002213 seconds 
========================================================================
Received Import Request.
  Time since last request: 9.779950 seconds.
  path: Assets/Scripts/ResManager.cs
  artifactKey: Guid(8cabb373641ec4c40aaf9863eea846c1) Importer(815301076,1909f56bfc062723c751e8b465ee728b)
Start importing Assets/Scripts/ResManager.cs using Guid(8cabb373641ec4c40aaf9863eea846c1) Importer(815301076,1909f56bfc062723c751e8b465ee728b)  -> (artifact id: 'acbbc64609f9787b433d12b5c17c56f3') in 0.002317 seconds 
========================================================================
Received Import Request.
  Time since last request: 22.586171 seconds.
  path: Assets/Scripts/ModelManager.cs
  artifactKey: Guid(5ce40088d47767746861d2dcb668b90d) Importer(815301076,1909f56bfc062723c751e8b465ee728b)
Start importing Assets/Scripts/ModelManager.cs using Guid(5ce40088d47767746861d2dcb668b90d) Importer(815301076,1909f56bfc062723c751e8b465ee728b)  -> (artifact id: '93e66d39730e95a0ac54ff376b1e48d6') in 0.002483 seconds 
========================================================================
Received Import Request.
  Time since last request: 1.027121 seconds.
  path: Assets/Scripts/Modelbase.cs
  artifactKey: Guid(3db0772a5031024489b986712150c1e0) Importer(815301076,1909f56bfc062723c751e8b465ee728b)
Start importing Assets/Scripts/Modelbase.cs using Guid(3db0772a5031024489b986712150c1e0) Importer(815301076,1909f56bfc062723c751e8b465ee728b)  -> (artifact id: '60199bbf758153bceaa03fb44cfe8067') in 0.002130 seconds 
========================================================================
Received Import Request.
  Time since last request: 22.875336 seconds.
  path: Assets/Scripts/Bagitem.cs
  artifactKey: Guid(ec2ba22572e84d24ca06cfc06c9edbc5) Importer(815301076,1909f56bfc062723c751e8b465ee728b)
Start importing Assets/Scripts/Bagitem.cs using Guid(ec2ba22572e84d24ca06cfc06c9edbc5) Importer(815301076,1909f56bfc062723c751e8b465ee728b)  -> (artifact id: '857a1b0ebd63892c5deb8453afc32b9f') in 0.002540 seconds 
========================================================================
Received Import Request.
  Time since last request: 0.466577 seconds.
  path: Assets/Scripts/BagModel.cs
  artifactKey: Guid(bbf0af14c7e89924d9606046ec9efff6) Importer(815301076,1909f56bfc062723c751e8b465ee728b)
Start importing Assets/Scripts/BagModel.cs using Guid(bbf0af14c7e89924d9606046ec9efff6) Importer(815301076,1909f56bfc062723c751e8b465ee728b)  -> (artifact id: '0fcec7ec1754ed30184e1c45a6eb2c11') in 0.002983 seconds 
========================================================================
Received Import Request.
  Time since last request: 1.435172 seconds.
  path: Assets/Scripts/BagPanel.cs
  artifactKey: Guid(931f6ea9f67be4d40a0e7ac60814621b) Importer(815301076,1909f56bfc062723c751e8b465ee728b)
Start importing Assets/Scripts/BagPanel.cs using Guid(931f6ea9f67be4d40a0e7ac60814621b) Importer(815301076,1909f56bfc062723c751e8b465ee728b)  -> (artifact id: '0ac37a205b44a06418d008f6b4003401') in 0.002178 seconds 
========================================================================
Received Import Request.
  Time since last request: 0.459147 seconds.
  path: Assets/Scripts/ConfigBase.cs
  artifactKey: Guid(23a671b39e931904ca30b2782bd81fd4) Importer(815301076,1909f56bfc062723c751e8b465ee728b)
Start importing Assets/Scripts/ConfigBase.cs using Guid(23a671b39e931904ca30b2782bd81fd4) Importer(815301076,1909f56bfc062723c751e8b465ee728b)  -> (artifact id: '17643749d0b41a841fd9e7b72d8ad4be') in 0.002303 seconds 
========================================================================
Received Import Request.
  Time since last request: 2.290094 seconds.
  path: Assets/Scripts/ConfigManager.cs
  artifactKey: Guid(bff890cc50cf7ba438e8af7e578821df) Importer(815301076,1909f56bfc062723c751e8b465ee728b)
Start importing Assets/Scripts/ConfigManager.cs using Guid(bff890cc50cf7ba438e8af7e578821df) Importer(815301076,1909f56bfc062723c751e8b465ee728b)  -> (artifact id: '263343336ce4283d90db90564097bdd8') in 0.002141 seconds 
========================================================================
Received Import Request.
  Time since last request: 10.772686 seconds.
  path: Assets/Scripts/CongifTable.cs
  artifactKey: Guid(e0702b9d4cfceda4c84709231325ece7) Importer(815301076,1909f56bfc062723c751e8b465ee728b)
Start importing Assets/Scripts/CongifTable.cs using Guid(e0702b9d4cfceda4c84709231325ece7) Importer(815301076,1909f56bfc062723c751e8b465ee728b)  -> (artifact id: '16baf82bf92b88d518dc5ddfbce08e96') in 0.002136 seconds 
========================================================================
Received Import Request.
  Time since last request: 13.604035 seconds.
  path: Assets/Scripts/DradBagitem.cs
  artifactKey: Guid(60ec6e26373d7cb4db0ad8d43ae7f69c) Importer(815301076,1909f56bfc062723c751e8b465ee728b)
Start importing Assets/Scripts/DradBagitem.cs using Guid(60ec6e26373d7cb4db0ad8d43ae7f69c) Importer(815301076,1909f56bfc062723c751e8b465ee728b)  -> (artifact id: 'bf410a7905ec045441e44ca072b7be84') in 0.002377 seconds 
========================================================================
Received Import Request.
  Time since last request: 0.346462 seconds.
  path: Assets/Scripts/GameMsg.cs
  artifactKey: Guid(eb34b1b540be25a419a943c417a57621) Importer(815301076,1909f56bfc062723c751e8b465ee728b)
Start importing Assets/Scripts/GameMsg.cs using Guid(eb34b1b540be25a419a943c417a57621) Importer(815301076,1909f56bfc062723c751e8b465ee728b)  -> (artifact id: '307c88a81ff3fbef455f8678710bd5d0') in 0.002240 seconds 
========================================================================
Received Import Request.
  Time since last request: 18.731821 seconds.
  path: Assets/Scripts/MainPanel.cs
  artifactKey: Guid(cc361293501c1bb4486b0cc8a013d06f) Importer(815301076,1909f56bfc062723c751e8b465ee728b)
Start importing Assets/Scripts/MainPanel.cs using Guid(cc361293501c1bb4486b0cc8a013d06f) Importer(815301076,1909f56bfc062723c751e8b465ee728b)  -> (artifact id: 'a40741a29b9151047a80590aea3693ce') in 0.002338 seconds 
========================================================================
Received Import Request.
  Time since last request: 3.451271 seconds.
  path: Assets/Scripts/MessageManager.cs
  artifactKey: Guid(d24a5ae0fdfc0664ba0e671240b87c07) Importer(815301076,1909f56bfc062723c751e8b465ee728b)
Start importing Assets/Scripts/MessageManager.cs using Guid(d24a5ae0fdfc0664ba0e671240b87c07) Importer(815301076,1909f56bfc062723c751e8b465ee728b)  -> (artifact id: '7de51ba495336085c3dd9f0cf35eb60b') in 0.002560 seconds 
========================================================================
Received Import Request.
  Time since last request: 8.347543 seconds.
  path: Assets/Scripts/Shopitem.cs
  artifactKey: Guid(f50c42262d6919d49b8514046f25dea4) Importer(815301076,1909f56bfc062723c751e8b465ee728b)
Start importing Assets/Scripts/Shopitem.cs using Guid(f50c42262d6919d49b8514046f25dea4) Importer(815301076,1909f56bfc062723c751e8b465ee728b)  -> (artifact id: '40f75f190499f4c54a006bf740958e81') in 0.002515 seconds 
========================================================================
Received Import Request.
  Time since last request: 0.410097 seconds.
  path: Assets/Scripts/ShopModel.cs
  artifactKey: Guid(4911311f8f76a2d43a23f1496e1efe0e) Importer(815301076,1909f56bfc062723c751e8b465ee728b)
Start importing Assets/Scripts/ShopModel.cs using Guid(4911311f8f76a2d43a23f1496e1efe0e) Importer(815301076,1909f56bfc062723c751e8b465ee728b)  -> (artifact id: '9f2a579b4afdaa43315120ec64bb1a45') in 0.002949 seconds 
========================================================================
Received Import Request.
  Time since last request: 0.387720 seconds.
  path: Assets/Scripts/ShopPanel.cs
  artifactKey: Guid(0d140286fb247ad4498e1c61f2914354) Importer(815301076,1909f56bfc062723c751e8b465ee728b)
Start importing Assets/Scripts/ShopPanel.cs using Guid(0d140286fb247ad4498e1c61f2914354) Importer(815301076,1909f56bfc062723c751e8b465ee728b)  -> (artifact id: '63c06eea6e564f5680eae19ecbea0cb6') in 0.002126 seconds 
========================================================================
Received Prepare
Registering precompiled user dll's ...
Registered in 0.002498 seconds.
Begin MonoManager ReloadAssembly
Native extension for WindowsStandalone target not found
Refreshing native plugins compatible for Editor in 0.37 ms, found 2 plugins.
Preloading 0 native plugins for Editor in 0.00 ms.
Mono: successfully reloaded assembly
- Completed reload, in  0.835 seconds
Domain Reload Profiling:
	ReloadAssembly (836ms)
		BeginReloadAssembly (120ms)
			ExecutionOrderSort (0ms)
			DisableScriptedObjects (5ms)
			BackupInstance (0ms)
			ReleaseScriptingObjects (0ms)
			CreateAndSetChildDomain (49ms)
		EndReloadAssembly (668ms)
			LoadAssemblies (79ms)
			RebuildTransferFunctionScriptingTraits (0ms)
			SetupTypeCache (228ms)
			ReleaseScriptCaches (1ms)
			RebuildScriptCaches (38ms)
			SetupLoadedEditorAssemblies (258ms)
				LogAssemblyErrors (0ms)
				InitializePlatformSupportModulesInManaged (5ms)
				SetLoadedEditorAssemblies (0ms)
				RefreshPlugins (0ms)
				BeforeProcessingInitializeOnLoad (61ms)
				ProcessInitializeOnLoadAttributes (179ms)
				ProcessInitializeOnLoadMethodAttributes (11ms)
				AfterProcessingInitializeOnLoad (1ms)
				EditorAssembliesLoaded (0ms)
			ExecutionOrderSort2 (0ms)
			AwakeInstancesAfterBackupRestoration (5ms)
Platform modules already initialized, skipping
Refreshing native plugins compatible for Editor in 0.36 ms, found 2 plugins.
Preloading 0 native plugins for Editor in 0.00 ms.
Unloading 1539 Unused Serialized files (Serialized files now loaded: 0)
System memory in use before: 90.2 MB.
System memory in use after: 90.3 MB.

Unloading 14 unused Assets to reduce memory usage. Loaded Objects now: 2002.
Total: 2.052500 ms (FindLiveObjects: 0.099800 ms CreateObjectMapping: 0.028000 ms MarkObjects: 1.898100 ms  DeleteObjects: 0.025200 ms)

AssetImportParameters requested are different than current active one (requested -> active):
  custom:framework-win-MediaFoundation: 216162199b28c13a410421893ffa2e32 -> 
  custom:video-decoder-ogg-theora: a1e56fd34408186e4bbccfd4996cb3dc -> 
  custom:container-muxer-webm: aa71ff27fc2769a1b78a27578f13a17b -> 
  custom:container-demuxer-webm: 4f35f7cbe854078d1ac9338744f61a02 -> 
  custom:container-demuxer-ogg: 62fdf1f143b41e24485cea50d1cbac27 -> 
  custom:video-encoder-webm-vp8: eb34c28f22e8b96e1ab97ce403110664 -> 
  custom:video-codec-MediaFoundation-h265: 746d11721c4dcdbdad8f713fa42b33f4 -> 
  custom:video-decoder-webm-vp8: 9c59270c3fd7afecdb556c50c9e8de78 -> 
  custom:audio-decoder-ogg-vorbis: bf7c407c2cedff20999df2af8eb42d56 -> 
  custom:audio-encoder-webm-vorbis: bf7c407c2cedff20999df2af8eb42d56 -> 
========================================================================
Received Prepare
Registering precompiled user dll's ...
Registered in 0.001756 seconds.
Begin MonoManager ReloadAssembly
Native extension for WindowsStandalone target not found
Refreshing native plugins compatible for Editor in 0.50 ms, found 2 plugins.
Preloading 0 native plugins for Editor in 0.00 ms.
Mono: successfully reloaded assembly
- Completed reload, in  0.938 seconds
Domain Reload Profiling:
	ReloadAssembly (938ms)
		BeginReloadAssembly (118ms)
			ExecutionOrderSort (0ms)
			DisableScriptedObjects (5ms)
			BackupInstance (0ms)
			ReleaseScriptingObjects (0ms)
			CreateAndSetChildDomain (43ms)
		EndReloadAssembly (766ms)
			LoadAssemblies (88ms)
			RebuildTransferFunctionScriptingTraits (0ms)
			SetupTypeCache (252ms)
			ReleaseScriptCaches (1ms)
			RebuildScriptCaches (45ms)
			SetupLoadedEditorAssemblies (301ms)
				LogAssemblyErrors (0ms)
				InitializePlatformSupportModulesInManaged (6ms)
				SetLoadedEditorAssemblies (0ms)
				RefreshPlugins (1ms)
				BeforeProcessingInitializeOnLoad (76ms)
				ProcessInitializeOnLoadAttributes (205ms)
				ProcessInitializeOnLoadMethodAttributes (11ms)
				AfterProcessingInitializeOnLoad (2ms)
				EditorAssembliesLoaded (0ms)
			ExecutionOrderSort2 (0ms)
			AwakeInstancesAfterBackupRestoration (7ms)
Platform modules already initialized, skipping
Refreshing native plugins compatible for Editor in 0.37 ms, found 2 plugins.
Preloading 0 native plugins for Editor in 0.00 ms.
Unloading 1539 Unused Serialized files (Serialized files now loaded: 0)
System memory in use before: 90.2 MB.
System memory in use after: 90.3 MB.

Unloading 14 unused Assets to reduce memory usage. Loaded Objects now: 2005.
Total: 3.522300 ms (FindLiveObjects: 0.150100 ms CreateObjectMapping: 0.033400 ms MarkObjects: 3.296600 ms  DeleteObjects: 0.039700 ms)

AssetImportParameters requested are different than current active one (requested -> active):
  custom:framework-win-MediaFoundation: 216162199b28c13a410421893ffa2e32 -> 
  custom:video-decoder-ogg-theora: a1e56fd34408186e4bbccfd4996cb3dc -> 
  custom:container-muxer-webm: aa71ff27fc2769a1b78a27578f13a17b -> 
  custom:container-demuxer-webm: 4f35f7cbe854078d1ac9338744f61a02 -> 
  custom:container-demuxer-ogg: 62fdf1f143b41e24485cea50d1cbac27 -> 
  custom:video-encoder-webm-vp8: eb34c28f22e8b96e1ab97ce403110664 -> 
  custom:video-codec-MediaFoundation-h265: 746d11721c4dcdbdad8f713fa42b33f4 -> 
  custom:video-decoder-webm-vp8: 9c59270c3fd7afecdb556c50c9e8de78 -> 
  custom:audio-decoder-ogg-vorbis: bf7c407c2cedff20999df2af8eb42d56 -> 
  custom:audio-encoder-webm-vorbis: bf7c407c2cedff20999df2af8eb42d56 -> 
========================================================================
Received Prepare
Registering precompiled user dll's ...
Registered in 0.002326 seconds.
Begin MonoManager ReloadAssembly
Native extension for WindowsStandalone target not found
Refreshing native plugins compatible for Editor in 0.41 ms, found 2 plugins.
Preloading 0 native plugins for Editor in 0.00 ms.
Mono: successfully reloaded assembly
- Completed reload, in  1.460 seconds
Domain Reload Profiling:
	ReloadAssembly (1461ms)
		BeginReloadAssembly (242ms)
			ExecutionOrderSort (0ms)
			DisableScriptedObjects (5ms)
			BackupInstance (0ms)
			ReleaseScriptingObjects (0ms)
			CreateAndSetChildDomain (64ms)
		EndReloadAssembly (1130ms)
			LoadAssemblies (195ms)
			RebuildTransferFunctionScriptingTraits (0ms)
			SetupTypeCache (248ms)
			ReleaseScriptCaches (1ms)
			RebuildScriptCaches (38ms)
			SetupLoadedEditorAssemblies (561ms)
				LogAssemblyErrors (0ms)
				InitializePlatformSupportModulesInManaged (10ms)
				SetLoadedEditorAssemblies (2ms)
				RefreshPlugins (0ms)
				BeforeProcessingInitializeOnLoad (103ms)
				ProcessInitializeOnLoadAttributes (416ms)
				ProcessInitializeOnLoadMethodAttributes (27ms)
				AfterProcessingInitializeOnLoad (2ms)
				EditorAssembliesLoaded (1ms)
			ExecutionOrderSort2 (0ms)
			AwakeInstancesAfterBackupRestoration (7ms)
Platform modules already initialized, skipping
Refreshing native plugins compatible for Editor in 0.69 ms, found 2 plugins.
Preloading 0 native plugins for Editor in 0.00 ms.
Unloading 1539 Unused Serialized files (Serialized files now loaded: 0)
System memory in use before: 90.2 MB.
System memory in use after: 90.3 MB.

Unloading 14 unused Assets to reduce memory usage. Loaded Objects now: 2008.
Total: 2.145800 ms (FindLiveObjects: 0.106700 ms CreateObjectMapping: 0.027600 ms MarkObjects: 1.988000 ms  DeleteObjects: 0.022100 ms)

AssetImportParameters requested are different than current active one (requested -> active):
  custom:framework-win-MediaFoundation: 216162199b28c13a410421893ffa2e32 -> 
  custom:video-decoder-ogg-theora: a1e56fd34408186e4bbccfd4996cb3dc -> 
  custom:container-muxer-webm: aa71ff27fc2769a1b78a27578f13a17b -> 
  custom:container-demuxer-webm: 4f35f7cbe854078d1ac9338744f61a02 -> 
  custom:container-demuxer-ogg: 62fdf1f143b41e24485cea50d1cbac27 -> 
  custom:video-encoder-webm-vp8: eb34c28f22e8b96e1ab97ce403110664 -> 
  custom:video-codec-MediaFoundation-h265: 746d11721c4dcdbdad8f713fa42b33f4 -> 
  custom:video-decoder-webm-vp8: 9c59270c3fd7afecdb556c50c9e8de78 -> 
  custom:audio-decoder-ogg-vorbis: bf7c407c2cedff20999df2af8eb42d56 -> 
  custom:audio-encoder-webm-vorbis: bf7c407c2cedff20999df2af8eb42d56 -> 
========================================================================
Received Prepare
Registering precompiled user dll's ...
Registered in 0.003365 seconds.
Begin MonoManager ReloadAssembly
Native extension for WindowsStandalone target not found
Refreshing native plugins compatible for Editor in 0.55 ms, found 2 plugins.
Preloading 0 native plugins for Editor in 0.00 ms.
Mono: successfully reloaded assembly
- Completed reload, in  1.632 seconds
Domain Reload Profiling:
	ReloadAssembly (1633ms)
		BeginReloadAssembly (260ms)
			ExecutionOrderSort (0ms)
			DisableScriptedObjects (7ms)
			BackupInstance (0ms)
			ReleaseScriptingObjects (0ms)
			CreateAndSetChildDomain (82ms)
		EndReloadAssembly (1277ms)
			LoadAssemblies (205ms)
			RebuildTransferFunctionScriptingTraits (0ms)
			SetupTypeCache (262ms)
			ReleaseScriptCaches (2ms)
			RebuildScriptCaches (45ms)
			SetupLoadedEditorAssemblies (626ms)
				LogAssemblyErrors (0ms)
				InitializePlatformSupportModulesInManaged (12ms)
				SetLoadedEditorAssemblies (3ms)
				RefreshPlugins (1ms)
				BeforeProcessingInitializeOnLoad (114ms)
				ProcessInitializeOnLoadAttributes (457ms)
				ProcessInitializeOnLoadMethodAttributes (36ms)
				AfterProcessingInitializeOnLoad (1ms)
				EditorAssembliesLoaded (1ms)
			ExecutionOrderSort2 (0ms)
			AwakeInstancesAfterBackupRestoration (7ms)
Platform modules already initialized, skipping
Refreshing native plugins compatible for Editor in 0.64 ms, found 2 plugins.
Preloading 0 native plugins for Editor in 0.00 ms.
Unloading 1539 Unused Serialized files (Serialized files now loaded: 0)
System memory in use before: 90.2 MB.
System memory in use after: 90.4 MB.

Unloading 14 unused Assets to reduce memory usage. Loaded Objects now: 2011.
Total: 2.012700 ms (FindLiveObjects: 0.111900 ms CreateObjectMapping: 0.027000 ms MarkObjects: 1.853500 ms  DeleteObjects: 0.019200 ms)

AssetImportParameters requested are different than current active one (requested -> active):
  custom:framework-win-MediaFoundation: 216162199b28c13a410421893ffa2e32 -> 
  custom:video-decoder-ogg-theora: a1e56fd34408186e4bbccfd4996cb3dc -> 
  custom:container-muxer-webm: aa71ff27fc2769a1b78a27578f13a17b -> 
  custom:container-demuxer-webm: 4f35f7cbe854078d1ac9338744f61a02 -> 
  custom:container-demuxer-ogg: 62fdf1f143b41e24485cea50d1cbac27 -> 
  custom:video-encoder-webm-vp8: eb34c28f22e8b96e1ab97ce403110664 -> 
  custom:video-codec-MediaFoundation-h265: 746d11721c4dcdbdad8f713fa42b33f4 -> 
  custom:video-decoder-webm-vp8: 9c59270c3fd7afecdb556c50c9e8de78 -> 
  custom:audio-decoder-ogg-vorbis: bf7c407c2cedff20999df2af8eb42d56 -> 
  custom:audio-encoder-webm-vorbis: bf7c407c2cedff20999df2af8eb42d56 -> 
========================================================================
Received Prepare
Registering precompiled user dll's ...
Registered in 0.001708 seconds.
Begin MonoManager ReloadAssembly
Native extension for WindowsStandalone target not found
Refreshing native plugins compatible for Editor in 0.58 ms, found 2 plugins.
Preloading 0 native plugins for Editor in 0.00 ms.
Mono: successfully reloaded assembly
- Completed reload, in  0.813 seconds
Domain Reload Profiling:
	ReloadAssembly (814ms)
		BeginReloadAssembly (103ms)
			ExecutionOrderSort (0ms)
			DisableScriptedObjects (5ms)
			BackupInstance (0ms)
			ReleaseScriptingObjects (0ms)
			CreateAndSetChildDomain (36ms)
		EndReloadAssembly (664ms)
			LoadAssemblies (72ms)
			RebuildTransferFunctionScriptingTraits (0ms)
			SetupTypeCache (225ms)
			ReleaseScriptCaches (1ms)
			RebuildScriptCaches (39ms)
			SetupLoadedEditorAssemblies (261ms)
				LogAssemblyErrors (0ms)
				InitializePlatformSupportModulesInManaged (4ms)
				SetLoadedEditorAssemblies (0ms)
				RefreshPlugins (1ms)
				BeforeProcessingInitializeOnLoad (63ms)
				ProcessInitializeOnLoadAttributes (182ms)
				ProcessInitializeOnLoadMethodAttributes (10ms)
				AfterProcessingInitializeOnLoad (2ms)
				EditorAssembliesLoaded (0ms)
			ExecutionOrderSort2 (0ms)
			AwakeInstancesAfterBackupRestoration (5ms)
Platform modules already initialized, skipping
Refreshing native plugins compatible for Editor in 0.40 ms, found 2 plugins.
Preloading 0 native plugins for Editor in 0.00 ms.
Unloading 1539 Unused Serialized files (Serialized files now loaded: 0)
System memory in use before: 90.3 MB.
System memory in use after: 90.4 MB.

Unloading 14 unused Assets to reduce memory usage. Loaded Objects now: 2014.
Total: 2.152100 ms (FindLiveObjects: 0.112900 ms CreateObjectMapping: 0.028300 ms MarkObjects: 1.985400 ms  DeleteObjects: 0.024100 ms)

AssetImportParameters requested are different than current active one (requested -> active):
  custom:framework-win-MediaFoundation: 216162199b28c13a410421893ffa2e32 -> 
  custom:video-decoder-ogg-theora: a1e56fd34408186e4bbccfd4996cb3dc -> 
  custom:container-muxer-webm: aa71ff27fc2769a1b78a27578f13a17b -> 
  custom:container-demuxer-webm: 4f35f7cbe854078d1ac9338744f61a02 -> 
  custom:container-demuxer-ogg: 62fdf1f143b41e24485cea50d1cbac27 -> 
  custom:video-encoder-webm-vp8: eb34c28f22e8b96e1ab97ce403110664 -> 
  custom:video-codec-MediaFoundation-h265: 746d11721c4dcdbdad8f713fa42b33f4 -> 
  custom:video-decoder-webm-vp8: 9c59270c3fd7afecdb556c50c9e8de78 -> 
  custom:audio-decoder-ogg-vorbis: bf7c407c2cedff20999df2af8eb42d56 -> 
  custom:audio-encoder-webm-vorbis: bf7c407c2cedff20999df2af8eb42d56 -> 
========================================================================
Received Prepare
Registering precompiled user dll's ...
Registered in 0.002641 seconds.
Begin MonoManager ReloadAssembly
Native extension for WindowsStandalone target not found
Refreshing native plugins compatible for Editor in 0.72 ms, found 2 plugins.
Preloading 0 native plugins for Editor in 0.00 ms.
Mono: successfully reloaded assembly
- Completed reload, in  0.917 seconds
Domain Reload Profiling:
	ReloadAssembly (917ms)
		BeginReloadAssembly (109ms)
			ExecutionOrderSort (0ms)
			DisableScriptedObjects (4ms)
			BackupInstance (0ms)
			ReleaseScriptingObjects (0ms)
			CreateAndSetChildDomain (40ms)
		EndReloadAssembly (756ms)
			LoadAssemblies (94ms)
			RebuildTransferFunctionScriptingTraits (0ms)
			SetupTypeCache (253ms)
			ReleaseScriptCaches (1ms)
			RebuildScriptCaches (45ms)
			SetupLoadedEditorAssemblies (283ms)
				LogAssemblyErrors (0ms)
				InitializePlatformSupportModulesInManaged (4ms)
				SetLoadedEditorAssemblies (1ms)
				RefreshPlugins (1ms)
				BeforeProcessingInitializeOnLoad (69ms)
				ProcessInitializeOnLoadAttributes (197ms)
				ProcessInitializeOnLoadMethodAttributes (9ms)
				AfterProcessingInitializeOnLoad (2ms)
				EditorAssembliesLoaded (1ms)
			ExecutionOrderSort2 (0ms)
			AwakeInstancesAfterBackupRestoration (6ms)
Platform modules already initialized, skipping
Refreshing native plugins compatible for Editor in 0.66 ms, found 2 plugins.
Preloading 0 native plugins for Editor in 0.00 ms.
Unloading 1539 Unused Serialized files (Serialized files now loaded: 0)
System memory in use before: 90.3 MB.
System memory in use after: 90.4 MB.

Unloading 14 unused Assets to reduce memory usage. Loaded Objects now: 2017.
Total: 3.636400 ms (FindLiveObjects: 0.287700 ms CreateObjectMapping: 0.087700 ms MarkObjects: 3.164400 ms  DeleteObjects: 0.091400 ms)

AssetImportParameters requested are different than current active one (requested -> active):
  custom:framework-win-MediaFoundation: 216162199b28c13a410421893ffa2e32 -> 
  custom:video-decoder-ogg-theora: a1e56fd34408186e4bbccfd4996cb3dc -> 
  custom:container-muxer-webm: aa71ff27fc2769a1b78a27578f13a17b -> 
  custom:container-demuxer-webm: 4f35f7cbe854078d1ac9338744f61a02 -> 
  custom:container-demuxer-ogg: 62fdf1f143b41e24485cea50d1cbac27 -> 
  custom:video-encoder-webm-vp8: eb34c28f22e8b96e1ab97ce403110664 -> 
  custom:video-codec-MediaFoundation-h265: 746d11721c4dcdbdad8f713fa42b33f4 -> 
  custom:video-decoder-webm-vp8: 9c59270c3fd7afecdb556c50c9e8de78 -> 
  custom:audio-decoder-ogg-vorbis: bf7c407c2cedff20999df2af8eb42d56 -> 
  custom:audio-encoder-webm-vorbis: bf7c407c2cedff20999df2af8eb42d56 -> 
========================================================================
Received Prepare
Registering precompiled user dll's ...
Registered in 0.001876 seconds.
Begin MonoManager ReloadAssembly
Native extension for WindowsStandalone target not found
Refreshing native plugins compatible for Editor in 0.65 ms, found 2 plugins.
Preloading 0 native plugins for Editor in 0.00 ms.
Mono: successfully reloaded assembly
- Completed reload, in  0.898 seconds
Domain Reload Profiling:
	ReloadAssembly (899ms)
		BeginReloadAssembly (106ms)
			ExecutionOrderSort (0ms)
			DisableScriptedObjects (6ms)
			BackupInstance (0ms)
			ReleaseScriptingObjects (0ms)
			CreateAndSetChildDomain (36ms)
		EndReloadAssembly (738ms)
			LoadAssemblies (77ms)
			RebuildTransferFunctionScriptingTraits (0ms)
			SetupTypeCache (225ms)
			ReleaseScriptCaches (1ms)
			RebuildScriptCaches (38ms)
			SetupLoadedEditorAssemblies (316ms)
				LogAssemblyErrors (0ms)
				InitializePlatformSupportModulesInManaged (6ms)
				SetLoadedEditorAssemblies (1ms)
				RefreshPlugins (1ms)
				BeforeProcessingInitializeOnLoad (70ms)
				ProcessInitializeOnLoadAttributes (225ms)
				ProcessInitializeOnLoadMethodAttributes (12ms)
				AfterProcessingInitializeOnLoad (1ms)
				EditorAssembliesLoaded (0ms)
			ExecutionOrderSort2 (0ms)
			AwakeInstancesAfterBackupRestoration (9ms)
Platform modules already initialized, skipping
Refreshing native plugins compatible for Editor in 0.76 ms, found 2 plugins.
Preloading 0 native plugins for Editor in 0.00 ms.
Unloading 1539 Unused Serialized files (Serialized files now loaded: 0)
System memory in use before: 90.3 MB.
System memory in use after: 90.4 MB.

Unloading 14 unused Assets to reduce memory usage. Loaded Objects now: 2020.
Total: 3.959900 ms (FindLiveObjects: 0.326500 ms CreateObjectMapping: 0.056600 ms MarkObjects: 3.543900 ms  DeleteObjects: 0.029700 ms)

AssetImportParameters requested are different than current active one (requested -> active):
  custom:framework-win-MediaFoundation: 216162199b28c13a410421893ffa2e32 -> 
  custom:video-decoder-ogg-theora: a1e56fd34408186e4bbccfd4996cb3dc -> 
  custom:container-muxer-webm: aa71ff27fc2769a1b78a27578f13a17b -> 
  custom:container-demuxer-webm: 4f35f7cbe854078d1ac9338744f61a02 -> 
  custom:container-demuxer-ogg: 62fdf1f143b41e24485cea50d1cbac27 -> 
  custom:video-encoder-webm-vp8: eb34c28f22e8b96e1ab97ce403110664 -> 
  custom:video-codec-MediaFoundation-h265: 746d11721c4dcdbdad8f713fa42b33f4 -> 
  custom:video-decoder-webm-vp8: 9c59270c3fd7afecdb556c50c9e8de78 -> 
  custom:audio-decoder-ogg-vorbis: bf7c407c2cedff20999df2af8eb42d56 -> 
  custom:audio-encoder-webm-vorbis: bf7c407c2cedff20999df2af8eb42d56 -> 
========================================================================
Received Prepare
Registering precompiled user dll's ...
Registered in 0.002217 seconds.
Begin MonoManager ReloadAssembly
Native extension for WindowsStandalone target not found
Refreshing native plugins compatible for Editor in 0.74 ms, found 2 plugins.
Preloading 0 native plugins for Editor in 0.00 ms.
Mono: successfully reloaded assembly
- Completed reload, in  0.851 seconds
Domain Reload Profiling:
	ReloadAssembly (851ms)
		BeginReloadAssembly (145ms)
			ExecutionOrderSort (0ms)
			DisableScriptedObjects (3ms)
			BackupInstance (0ms)
			ReleaseScriptingObjects (0ms)
			CreateAndSetChildDomain (40ms)
		EndReloadAssembly (657ms)
			LoadAssemblies (95ms)
			RebuildTransferFunctionScriptingTraits (0ms)
			SetupTypeCache (225ms)
			ReleaseScriptCaches (1ms)
			RebuildScriptCaches (39ms)
			SetupLoadedEditorAssemblies (253ms)
				LogAssemblyErrors (0ms)
				InitializePlatformSupportModulesInManaged (5ms)
				SetLoadedEditorAssemblies (1ms)
				RefreshPlugins (1ms)
				BeforeProcessingInitializeOnLoad (62ms)
				ProcessInitializeOnLoadAttributes (174ms)
				ProcessInitializeOnLoadMethodAttributes (9ms)
				AfterProcessingInitializeOnLoad (1ms)
				EditorAssembliesLoaded (0ms)
			ExecutionOrderSort2 (0ms)
			AwakeInstancesAfterBackupRestoration (6ms)
Platform modules already initialized, skipping
Refreshing native plugins compatible for Editor in 0.63 ms, found 2 plugins.
Preloading 0 native plugins for Editor in 0.00 ms.
Unloading 1539 Unused Serialized files (Serialized files now loaded: 0)
System memory in use before: 90.3 MB.
System memory in use after: 90.4 MB.

Unloading 14 unused Assets to reduce memory usage. Loaded Objects now: 2023.
Total: 2.428200 ms (FindLiveObjects: 0.121700 ms CreateObjectMapping: 0.048100 ms MarkObjects: 2.235100 ms  DeleteObjects: 0.022100 ms)

AssetImportParameters requested are different than current active one (requested -> active):
  custom:framework-win-MediaFoundation: 216162199b28c13a410421893ffa2e32 -> 
  custom:video-decoder-ogg-theora: a1e56fd34408186e4bbccfd4996cb3dc -> 
  custom:container-muxer-webm: aa71ff27fc2769a1b78a27578f13a17b -> 
  custom:container-demuxer-webm: 4f35f7cbe854078d1ac9338744f61a02 -> 
  custom:container-demuxer-ogg: 62fdf1f143b41e24485cea50d1cbac27 -> 
  custom:video-encoder-webm-vp8: eb34c28f22e8b96e1ab97ce403110664 -> 
  custom:video-codec-MediaFoundation-h265: 746d11721c4dcdbdad8f713fa42b33f4 -> 
  custom:video-decoder-webm-vp8: 9c59270c3fd7afecdb556c50c9e8de78 -> 
  custom:audio-decoder-ogg-vorbis: bf7c407c2cedff20999df2af8eb42d56 -> 
  custom:audio-encoder-webm-vorbis: bf7c407c2cedff20999df2af8eb42d56 -> 
========================================================================
Received Prepare
Registering precompiled user dll's ...
Registered in 0.002405 seconds.
Begin MonoManager ReloadAssembly
Native extension for WindowsStandalone target not found
Refreshing native plugins compatible for Editor in 0.40 ms, found 2 plugins.
Preloading 0 native plugins for Editor in 0.00 ms.
Mono: successfully reloaded assembly
- Completed reload, in  0.818 seconds
Domain Reload Profiling:
	ReloadAssembly (818ms)
		BeginReloadAssembly (100ms)
			ExecutionOrderSort (0ms)
			DisableScriptedObjects (4ms)
			BackupInstance (0ms)
			ReleaseScriptingObjects (0ms)
			CreateAndSetChildDomain (32ms)
		EndReloadAssembly (669ms)
			LoadAssemblies (79ms)
			RebuildTransferFunctionScriptingTraits (0ms)
			SetupTypeCache (219ms)
			ReleaseScriptCaches (1ms)
			RebuildScriptCaches (42ms)
			SetupLoadedEditorAssemblies (247ms)
				LogAssemblyErrors (0ms)
				InitializePlatformSupportModulesInManaged (4ms)
				SetLoadedEditorAssemblies (0ms)
				RefreshPlugins (0ms)
				BeforeProcessingInitializeOnLoad (63ms)
				ProcessInitializeOnLoadAttributes (169ms)
				ProcessInitializeOnLoadMethodAttributes (8ms)
				AfterProcessingInitializeOnLoad (2ms)
				EditorAssembliesLoaded (0ms)
			ExecutionOrderSort2 (0ms)
			AwakeInstancesAfterBackupRestoration (6ms)
Platform modules already initialized, skipping
Refreshing native plugins compatible for Editor in 0.52 ms, found 2 plugins.
Preloading 0 native plugins for Editor in 0.00 ms.
Unloading 1539 Unused Serialized files (Serialized files now loaded: 0)
System memory in use before: 90.3 MB.
System memory in use after: 90.4 MB.

Unloading 14 unused Assets to reduce memory usage. Loaded Objects now: 2026.
Total: 2.779500 ms (FindLiveObjects: 0.179300 ms CreateObjectMapping: 0.036200 ms MarkObjects: 2.532900 ms  DeleteObjects: 0.029900 ms)

AssetImportParameters requested are different than current active one (requested -> active):
  custom:framework-win-MediaFoundation: 216162199b28c13a410421893ffa2e32 -> 
  custom:video-decoder-ogg-theora: a1e56fd34408186e4bbccfd4996cb3dc -> 
  custom:container-muxer-webm: aa71ff27fc2769a1b78a27578f13a17b -> 
  custom:container-demuxer-webm: 4f35f7cbe854078d1ac9338744f61a02 -> 
  custom:container-demuxer-ogg: 62fdf1f143b41e24485cea50d1cbac27 -> 
  custom:video-encoder-webm-vp8: eb34c28f22e8b96e1ab97ce403110664 -> 
  custom:video-codec-MediaFoundation-h265: 746d11721c4dcdbdad8f713fa42b33f4 -> 
  custom:video-decoder-webm-vp8: 9c59270c3fd7afecdb556c50c9e8de78 -> 
  custom:audio-decoder-ogg-vorbis: bf7c407c2cedff20999df2af8eb42d56 -> 
  custom:audio-encoder-webm-vorbis: bf7c407c2cedff20999df2af8eb42d56 -> 
========================================================================
Received Prepare
Registering precompiled user dll's ...
Registered in 0.003284 seconds.
Begin MonoManager ReloadAssembly
Native extension for WindowsStandalone target not found
Refreshing native plugins compatible for Editor in 0.40 ms, found 2 plugins.
Preloading 0 native plugins for Editor in 0.00 ms.
Mono: successfully reloaded assembly
- Completed reload, in  0.846 seconds
Domain Reload Profiling:
	ReloadAssembly (846ms)
		BeginReloadAssembly (112ms)
			ExecutionOrderSort (0ms)
			DisableScriptedObjects (3ms)
			BackupInstance (0ms)
			ReleaseScriptingObjects (0ms)
			CreateAndSetChildDomain (48ms)
		EndReloadAssembly (682ms)
			LoadAssemblies (74ms)
			RebuildTransferFunctionScriptingTraits (0ms)
			SetupTypeCache (233ms)
			ReleaseScriptCaches (1ms)
			RebuildScriptCaches (38ms)
			SetupLoadedEditorAssemblies (271ms)
				LogAssemblyErrors (0ms)
				InitializePlatformSupportModulesInManaged (5ms)
				SetLoadedEditorAssemblies (0ms)
				RefreshPlugins (0ms)
				BeforeProcessingInitializeOnLoad (63ms)
				ProcessInitializeOnLoadAttributes (193ms)
				ProcessInitializeOnLoadMethodAttributes (8ms)
				AfterProcessingInitializeOnLoad (1ms)
				EditorAssembliesLoaded (0ms)
			ExecutionOrderSort2 (0ms)
			AwakeInstancesAfterBackupRestoration (6ms)
Platform modules already initialized, skipping
Refreshing native plugins compatible for Editor in 0.39 ms, found 2 plugins.
Preloading 0 native plugins for Editor in 0.00 ms.
Unloading 1539 Unused Serialized files (Serialized files now loaded: 0)
System memory in use before: 90.3 MB.
System memory in use after: 90.4 MB.

Unloading 14 unused Assets to reduce memory usage. Loaded Objects now: 2029.
Total: 2.594200 ms (FindLiveObjects: 0.104200 ms CreateObjectMapping: 0.025300 ms MarkObjects: 2.431700 ms  DeleteObjects: 0.031500 ms)

AssetImportParameters requested are different than current active one (requested -> active):
  custom:framework-win-MediaFoundation: 216162199b28c13a410421893ffa2e32 -> 
  custom:video-decoder-ogg-theora: a1e56fd34408186e4bbccfd4996cb3dc -> 
  custom:container-muxer-webm: aa71ff27fc2769a1b78a27578f13a17b -> 
  custom:container-demuxer-webm: 4f35f7cbe854078d1ac9338744f61a02 -> 
  custom:container-demuxer-ogg: 62fdf1f143b41e24485cea50d1cbac27 -> 
  custom:video-encoder-webm-vp8: eb34c28f22e8b96e1ab97ce403110664 -> 
  custom:video-codec-MediaFoundation-h265: 746d11721c4dcdbdad8f713fa42b33f4 -> 
  custom:video-decoder-webm-vp8: 9c59270c3fd7afecdb556c50c9e8de78 -> 
  custom:audio-decoder-ogg-vorbis: bf7c407c2cedff20999df2af8eb42d56 -> 
  custom:audio-encoder-webm-vorbis: bf7c407c2cedff20999df2af8eb42d56 -> 
========================================================================
Received Prepare
Registering precompiled user dll's ...
Registered in 0.001851 seconds.
Begin MonoManager ReloadAssembly
Native extension for WindowsStandalone target not found
Refreshing native plugins compatible for Editor in 0.56 ms, found 2 plugins.
Preloading 0 native plugins for Editor in 0.00 ms.
Mono: successfully reloaded assembly
- Completed reload, in  0.844 seconds
Domain Reload Profiling:
	ReloadAssembly (845ms)
		BeginReloadAssembly (101ms)
			ExecutionOrderSort (0ms)
			DisableScriptedObjects (4ms)
			BackupInstance (0ms)
			ReleaseScriptingObjects (0ms)
			CreateAndSetChildDomain (32ms)
		EndReloadAssembly (693ms)
			LoadAssemblies (77ms)
			RebuildTransferFunctionScriptingTraits (0ms)
			SetupTypeCache (235ms)
			ReleaseScriptCaches (1ms)
			RebuildScriptCaches (41ms)
			SetupLoadedEditorAssemblies (270ms)
				LogAssemblyErrors (0ms)
				InitializePlatformSupportModulesInManaged (4ms)
				SetLoadedEditorAssemblies (1ms)
				RefreshPlugins (1ms)
				BeforeProcessingInitializeOnLoad (74ms)
				ProcessInitializeOnLoadAttributes (181ms)
				ProcessInitializeOnLoadMethodAttributes (8ms)
				AfterProcessingInitializeOnLoad (1ms)
				EditorAssembliesLoaded (0ms)
			ExecutionOrderSort2 (0ms)
			AwakeInstancesAfterBackupRestoration (7ms)
Platform modules already initialized, skipping
Refreshing native plugins compatible for Editor in 0.47 ms, found 2 plugins.
Preloading 0 native plugins for Editor in 0.00 ms.
Unloading 1539 Unused Serialized files (Serialized files now loaded: 0)
System memory in use before: 90.3 MB.
System memory in use after: 90.4 MB.

Unloading 14 unused Assets to reduce memory usage. Loaded Objects now: 2032.
Total: 2.365500 ms (FindLiveObjects: 0.268800 ms CreateObjectMapping: 0.070300 ms MarkObjects: 1.983500 ms  DeleteObjects: 0.042200 ms)

AssetImportParameters requested are different than current active one (requested -> active):
  custom:framework-win-MediaFoundation: 216162199b28c13a410421893ffa2e32 -> 
  custom:video-decoder-ogg-theora: a1e56fd34408186e4bbccfd4996cb3dc -> 
  custom:container-muxer-webm: aa71ff27fc2769a1b78a27578f13a17b -> 
  custom:container-demuxer-webm: 4f35f7cbe854078d1ac9338744f61a02 -> 
  custom:container-demuxer-ogg: 62fdf1f143b41e24485cea50d1cbac27 -> 
  custom:video-encoder-webm-vp8: eb34c28f22e8b96e1ab97ce403110664 -> 
  custom:video-codec-MediaFoundation-h265: 746d11721c4dcdbdad8f713fa42b33f4 -> 
  custom:video-decoder-webm-vp8: 9c59270c3fd7afecdb556c50c9e8de78 -> 
  custom:audio-decoder-ogg-vorbis: bf7c407c2cedff20999df2af8eb42d56 -> 
  custom:audio-encoder-webm-vorbis: bf7c407c2cedff20999df2af8eb42d56 -> 
========================================================================
Received Prepare
Registering precompiled user dll's ...
Registered in 0.001804 seconds.
Begin MonoManager ReloadAssembly
Native extension for WindowsStandalone target not found
Refreshing native plugins compatible for Editor in 0.54 ms, found 2 plugins.
Preloading 0 native plugins for Editor in 0.00 ms.
Mono: successfully reloaded assembly
- Completed reload, in  0.772 seconds
Domain Reload Profiling:
	ReloadAssembly (772ms)
		BeginReloadAssembly (99ms)
			ExecutionOrderSort (0ms)
			DisableScriptedObjects (3ms)
			BackupInstance (0ms)
			ReleaseScriptingObjects (0ms)
			CreateAndSetChildDomain (31ms)
		EndReloadAssembly (628ms)
			LoadAssemblies (75ms)
			RebuildTransferFunctionScriptingTraits (0ms)
			SetupTypeCache (208ms)
			ReleaseScriptCaches (2ms)
			RebuildScriptCaches (39ms)
			SetupLoadedEditorAssemblies (243ms)
				LogAssemblyErrors (0ms)
				InitializePlatformSupportModulesInManaged (4ms)
				SetLoadedEditorAssemblies (0ms)
				RefreshPlugins (1ms)
				BeforeProcessingInitializeOnLoad (61ms)
				ProcessInitializeOnLoadAttributes (167ms)
				ProcessInitializeOnLoadMethodAttributes (8ms)
				AfterProcessingInitializeOnLoad (1ms)
				EditorAssembliesLoaded (0ms)
			ExecutionOrderSort2 (0ms)
			AwakeInstancesAfterBackupRestoration (6ms)
Platform modules already initialized, skipping
Refreshing native plugins compatible for Editor in 0.38 ms, found 2 plugins.
Preloading 0 native plugins for Editor in 0.00 ms.
Unloading 1539 Unused Serialized files (Serialized files now loaded: 0)
System memory in use before: 90.3 MB.
System memory in use after: 90.4 MB.

Unloading 14 unused Assets to reduce memory usage. Loaded Objects now: 2035.
Total: 2.569400 ms (FindLiveObjects: 0.165500 ms CreateObjectMapping: 0.034300 ms MarkObjects: 2.241300 ms  DeleteObjects: 0.125800 ms)

AssetImportParameters requested are different than current active one (requested -> active):
  custom:framework-win-MediaFoundation: 216162199b28c13a410421893ffa2e32 -> 
  custom:video-decoder-ogg-theora: a1e56fd34408186e4bbccfd4996cb3dc -> 
  custom:container-muxer-webm: aa71ff27fc2769a1b78a27578f13a17b -> 
  custom:container-demuxer-webm: 4f35f7cbe854078d1ac9338744f61a02 -> 
  custom:container-demuxer-ogg: 62fdf1f143b41e24485cea50d1cbac27 -> 
  custom:video-encoder-webm-vp8: eb34c28f22e8b96e1ab97ce403110664 -> 
  custom:video-codec-MediaFoundation-h265: 746d11721c4dcdbdad8f713fa42b33f4 -> 
  custom:video-decoder-webm-vp8: 9c59270c3fd7afecdb556c50c9e8de78 -> 
  custom:audio-decoder-ogg-vorbis: bf7c407c2cedff20999df2af8eb42d56 -> 
  custom:audio-encoder-webm-vorbis: bf7c407c2cedff20999df2af8eb42d56 -> 
AssetImportWorkerClient::OnTransportError - code=2 error=End of file
